0 info it worked if it ends with ok
1 verbose cli [ 'C:\\Program Files\\nodejs\\\\node.exe',
1 verbose cli   'C:\\Program Files\\nodejs\\node_modules\\npm\\bin\\npm-cli.js',
1 verbose cli   'install' ]
2 info using npm@1.4.9
3 info using node@v0.10.28
4 verbose node symlink C:\Program Files\nodejs\\node.exe
5 warn package.json FileUploadSystem@0.0.1 No repository field.
6 warn package.json FileUploadSystem@0.0.1 No README data
7 verbose readDependencies using package.json deps
8 verbose install where, deps [ 'C:\\Users\\yavor\\Google Drive\\TelerikAcademy\\End to end JS Apps\\8. Exam prep\\File-Upload-System-Skeleton',
8 verbose install   [ 'express',
8 verbose install     'jade',
8 verbose install     'passport',
8 verbose install     'mongoose',
8 verbose install     'body-parser',
8 verbose install     'cookie-parser',
8 verbose install     'express-session',
8 verbose install     'connect-busboy' ] ]
9 info preinstall FileUploadSystem@0.0.1
10 verbose readDependencies using package.json deps
11 verbose cache add [ 'express@^4.9.5', null ]
12 verbose cache add name=undefined spec="express@^4.9.5" args=["express@^4.9.5",null]
13 verbose parsed url { protocol: null,
13 verbose parsed url   slashes: null,
13 verbose parsed url   auth: null,
13 verbose parsed url   host: null,
13 verbose parsed url   port: null,
13 verbose parsed url   hostname: null,
13 verbose parsed url   hash: null,
13 verbose parsed url   search: null,
13 verbose parsed url   query: null,
13 verbose parsed url   pathname: 'express@^4.9.5',
13 verbose parsed url   path: 'express@^4.9.5',
13 verbose parsed url   href: 'express@^4.9.5' }
14 verbose cache add name="express" spec="^4.9.5" args=["express","^4.9.5"]
15 verbose parsed url { protocol: null,
15 verbose parsed url   slashes: null,
15 verbose parsed url   auth: null,
15 verbose parsed url   host: null,
15 verbose parsed url   port: null,
15 verbose parsed url   hostname: null,
15 verbose parsed url   hash: null,
15 verbose parsed url   search: null,
15 verbose parsed url   query: null,
15 verbose parsed url   pathname: '^4.9.5',
15 verbose parsed url   path: '^4.9.5',
15 verbose parsed url   href: '^4.9.5' }
16 verbose addNamed [ 'express', '^4.9.5' ]
17 verbose addNamed [ null, '>=4.9.5-0 <5.0.0-0' ]
18 verbose cache add [ 'jade@^1.7.0', null ]
19 verbose cache add name=undefined spec="jade@^1.7.0" args=["jade@^1.7.0",null]
20 verbose parsed url { protocol: null,
20 verbose parsed url   slashes: null,
20 verbose parsed url   auth: null,
20 verbose parsed url   host: null,
20 verbose parsed url   port: null,
20 verbose parsed url   hostname: null,
20 verbose parsed url   hash: null,
20 verbose parsed url   search: null,
20 verbose parsed url   query: null,
20 verbose parsed url   pathname: 'jade@^1.7.0',
20 verbose parsed url   path: 'jade@^1.7.0',
20 verbose parsed url   href: 'jade@^1.7.0' }
21 verbose cache add name="jade" spec="^1.7.0" args=["jade","^1.7.0"]
22 verbose parsed url { protocol: null,
22 verbose parsed url   slashes: null,
22 verbose parsed url   auth: null,
22 verbose parsed url   host: null,
22 verbose parsed url   port: null,
22 verbose parsed url   hostname: null,
22 verbose parsed url   hash: null,
22 verbose parsed url   search: null,
22 verbose parsed url   query: null,
22 verbose parsed url   pathname: '^1.7.0',
22 verbose parsed url   path: '^1.7.0',
22 verbose parsed url   href: '^1.7.0' }
23 verbose addNamed [ 'jade', '^1.7.0' ]
24 verbose addNamed [ null, '>=1.7.0-0 <2.0.0-0' ]
25 verbose cache add [ 'passport@^0.2.1', null ]
26 verbose cache add name=undefined spec="passport@^0.2.1" args=["passport@^0.2.1",null]
27 verbose parsed url { protocol: null,
27 verbose parsed url   slashes: null,
27 verbose parsed url   auth: null,
27 verbose parsed url   host: null,
27 verbose parsed url   port: null,
27 verbose parsed url   hostname: null,
27 verbose parsed url   hash: null,
27 verbose parsed url   search: null,
27 verbose parsed url   query: null,
27 verbose parsed url   pathname: 'passport@^0.2.1',
27 verbose parsed url   path: 'passport@^0.2.1',
27 verbose parsed url   href: 'passport@^0.2.1' }
28 verbose cache add name="passport" spec="^0.2.1" args=["passport","^0.2.1"]
29 verbose parsed url { protocol: null,
29 verbose parsed url   slashes: null,
29 verbose parsed url   auth: null,
29 verbose parsed url   host: null,
29 verbose parsed url   port: null,
29 verbose parsed url   hostname: null,
29 verbose parsed url   hash: null,
29 verbose parsed url   search: null,
29 verbose parsed url   query: null,
29 verbose parsed url   pathname: '^0.2.1',
29 verbose parsed url   path: '^0.2.1',
29 verbose parsed url   href: '^0.2.1' }
30 verbose addNamed [ 'passport', '^0.2.1' ]
31 verbose addNamed [ null, '>=0.2.1-0 <0.3.0-0' ]
32 verbose cache add [ 'mongoose@^3.8.17', null ]
33 verbose cache add name=undefined spec="mongoose@^3.8.17" args=["mongoose@^3.8.17",null]
34 verbose parsed url { protocol: null,
34 verbose parsed url   slashes: null,
34 verbose parsed url   auth: null,
34 verbose parsed url   host: null,
34 verbose parsed url   port: null,
34 verbose parsed url   hostname: null,
34 verbose parsed url   hash: null,
34 verbose parsed url   search: null,
34 verbose parsed url   query: null,
34 verbose parsed url   pathname: 'mongoose@^3.8.17',
34 verbose parsed url   path: 'mongoose@^3.8.17',
34 verbose parsed url   href: 'mongoose@^3.8.17' }
35 verbose cache add name="mongoose" spec="^3.8.17" args=["mongoose","^3.8.17"]
36 verbose parsed url { protocol: null,
36 verbose parsed url   slashes: null,
36 verbose parsed url   auth: null,
36 verbose parsed url   host: null,
36 verbose parsed url   port: null,
36 verbose parsed url   hostname: null,
36 verbose parsed url   hash: null,
36 verbose parsed url   search: null,
36 verbose parsed url   query: null,
36 verbose parsed url   pathname: '^3.8.17',
36 verbose parsed url   path: '^3.8.17',
36 verbose parsed url   href: '^3.8.17' }
37 verbose addNamed [ 'mongoose', '^3.8.17' ]
38 verbose addNamed [ null, '>=3.8.17-0 <4.0.0-0' ]
39 verbose cache add [ 'body-parser@^1.9.0', null ]
40 verbose cache add name=undefined spec="body-parser@^1.9.0" args=["body-parser@^1.9.0",null]
41 verbose parsed url { protocol: null,
41 verbose parsed url   slashes: null,
41 verbose parsed url   auth: null,
41 verbose parsed url   host: null,
41 verbose parsed url   port: null,
41 verbose parsed url   hostname: null,
41 verbose parsed url   hash: null,
41 verbose parsed url   search: null,
41 verbose parsed url   query: null,
41 verbose parsed url   pathname: 'body-parser@^1.9.0',
41 verbose parsed url   path: 'body-parser@^1.9.0',
41 verbose parsed url   href: 'body-parser@^1.9.0' }
42 verbose cache add name="body-parser" spec="^1.9.0" args=["body-parser","^1.9.0"]
43 verbose parsed url { protocol: null,
43 verbose parsed url   slashes: null,
43 verbose parsed url   auth: null,
43 verbose parsed url   host: null,
43 verbose parsed url   port: null,
43 verbose parsed url   hostname: null,
43 verbose parsed url   hash: null,
43 verbose parsed url   search: null,
43 verbose parsed url   query: null,
43 verbose parsed url   pathname: '^1.9.0',
43 verbose parsed url   path: '^1.9.0',
43 verbose parsed url   href: '^1.9.0' }
44 verbose addNamed [ 'body-parser', '^1.9.0' ]
45 verbose addNamed [ null, '>=1.9.0-0 <2.0.0-0' ]
46 verbose cache add [ 'cookie-parser@^1.3.3', null ]
47 verbose cache add name=undefined spec="cookie-parser@^1.3.3" args=["cookie-parser@^1.3.3",null]
48 verbose parsed url { protocol: null,
48 verbose parsed url   slashes: null,
48 verbose parsed url   auth: null,
48 verbose parsed url   host: null,
48 verbose parsed url   port: null,
48 verbose parsed url   hostname: null,
48 verbose parsed url   hash: null,
48 verbose parsed url   search: null,
48 verbose parsed url   query: null,
48 verbose parsed url   pathname: 'cookie-parser@^1.3.3',
48 verbose parsed url   path: 'cookie-parser@^1.3.3',
48 verbose parsed url   href: 'cookie-parser@^1.3.3' }
49 verbose cache add name="cookie-parser" spec="^1.3.3" args=["cookie-parser","^1.3.3"]
50 verbose parsed url { protocol: null,
50 verbose parsed url   slashes: null,
50 verbose parsed url   auth: null,
50 verbose parsed url   host: null,
50 verbose parsed url   port: null,
50 verbose parsed url   hostname: null,
50 verbose parsed url   hash: null,
50 verbose parsed url   search: null,
50 verbose parsed url   query: null,
50 verbose parsed url   pathname: '^1.3.3',
50 verbose parsed url   path: '^1.3.3',
50 verbose parsed url   href: '^1.3.3' }
51 verbose addNamed [ 'cookie-parser', '^1.3.3' ]
52 verbose addNamed [ null, '>=1.3.3-0 <2.0.0-0' ]
53 verbose cache add [ 'express-session@^1.8.2', null ]
54 verbose cache add name=undefined spec="express-session@^1.8.2" args=["express-session@^1.8.2",null]
55 verbose parsed url { protocol: null,
55 verbose parsed url   slashes: null,
55 verbose parsed url   auth: null,
55 verbose parsed url   host: null,
55 verbose parsed url   port: null,
55 verbose parsed url   hostname: null,
55 verbose parsed url   hash: null,
55 verbose parsed url   search: null,
55 verbose parsed url   query: null,
55 verbose parsed url   pathname: 'express-session@^1.8.2',
55 verbose parsed url   path: 'express-session@^1.8.2',
55 verbose parsed url   href: 'express-session@^1.8.2' }
56 verbose cache add name="express-session" spec="^1.8.2" args=["express-session","^1.8.2"]
57 verbose parsed url { protocol: null,
57 verbose parsed url   slashes: null,
57 verbose parsed url   auth: null,
57 verbose parsed url   host: null,
57 verbose parsed url   port: null,
57 verbose parsed url   hostname: null,
57 verbose parsed url   hash: null,
57 verbose parsed url   search: null,
57 verbose parsed url   query: null,
57 verbose parsed url   pathname: '^1.8.2',
57 verbose parsed url   path: '^1.8.2',
57 verbose parsed url   href: '^1.8.2' }
58 verbose addNamed [ 'express-session', '^1.8.2' ]
59 verbose addNamed [ null, '>=1.8.2-0 <2.0.0-0' ]
60 verbose cache add [ 'connect-busboy@0.0.2', null ]
61 verbose cache add name=undefined spec="connect-busboy@0.0.2" args=["connect-busboy@0.0.2",null]
62 verbose parsed url { protocol: null,
62 verbose parsed url   slashes: null,
62 verbose parsed url   auth: null,
62 verbose parsed url   host: null,
62 verbose parsed url   port: null,
62 verbose parsed url   hostname: null,
62 verbose parsed url   hash: null,
62 verbose parsed url   search: null,
62 verbose parsed url   query: null,
62 verbose parsed url   pathname: 'connect-busboy@0.0.2',
62 verbose parsed url   path: 'connect-busboy@0.0.2',
62 verbose parsed url   href: 'connect-busboy@0.0.2' }
63 verbose cache add name="connect-busboy" spec="0.0.2" args=["connect-busboy","0.0.2"]
64 verbose parsed url { protocol: null,
64 verbose parsed url   slashes: null,
64 verbose parsed url   auth: null,
64 verbose parsed url   host: null,
64 verbose parsed url   port: null,
64 verbose parsed url   hostname: null,
64 verbose parsed url   hash: null,
64 verbose parsed url   search: null,
64 verbose parsed url   query: null,
64 verbose parsed url   pathname: '0.0.2',
64 verbose parsed url   path: '0.0.2',
64 verbose parsed url   href: '0.0.2' }
65 verbose addNamed [ 'connect-busboy', '0.0.2' ]
66 verbose addNamed [ '0.0.2', '0.0.2' ]
67 silly lockFile fded4574-express-4-9-5 express@^4.9.5
68 verbose lock express@^4.9.5 C:\Users\yavor\AppData\Roaming\npm-cache\fded4574-express-4-9-5.lock
69 silly lockFile 7e55d14c-passport-0-2-1 passport@^0.2.1
70 verbose lock passport@^0.2.1 C:\Users\yavor\AppData\Roaming\npm-cache\7e55d14c-passport-0-2-1.lock
71 silly lockFile 084ef337-mongoose-3-8-17 mongoose@^3.8.17
72 verbose lock mongoose@^3.8.17 C:\Users\yavor\AppData\Roaming\npm-cache\084ef337-mongoose-3-8-17.lock
73 silly lockFile b3c23ec8-jade-1-7-0 jade@^1.7.0
74 verbose lock jade@^1.7.0 C:\Users\yavor\AppData\Roaming\npm-cache\b3c23ec8-jade-1-7-0.lock
75 silly lockFile 56e5be9b-express-session-1-8-2 express-session@^1.8.2
76 verbose lock express-session@^1.8.2 C:\Users\yavor\AppData\Roaming\npm-cache\56e5be9b-express-session-1-8-2.lock
77 silly lockFile ad2d4a2f-cookie-parser-1-3-3 cookie-parser@^1.3.3
78 verbose lock cookie-parser@^1.3.3 C:\Users\yavor\AppData\Roaming\npm-cache\ad2d4a2f-cookie-parser-1-3-3.lock
79 silly lockFile c20ce0a4-connect-busboy-0-0-2 connect-busboy@0.0.2
80 verbose lock connect-busboy@0.0.2 C:\Users\yavor\AppData\Roaming\npm-cache\c20ce0a4-connect-busboy-0-0-2.lock
81 silly lockFile 517b7d19-body-parser-1-9-0 body-parser@^1.9.0
82 verbose lock body-parser@^1.9.0 C:\Users\yavor\AppData\Roaming\npm-cache\517b7d19-body-parser-1-9-0.lock
83 silly addNameRange { name: 'jade', range: '>=1.7.0-0 <2.0.0-0', hasData: false }
84 silly addNameRange { name: 'passport', range: '>=0.2.1-0 <0.3.0-0', hasData: false }
85 silly addNameRange { name: 'mongoose',
85 silly addNameRange   range: '>=3.8.17-0 <4.0.0-0',
85 silly addNameRange   hasData: false }
86 silly addNameRange { name: 'express', range: '>=4.9.5-0 <5.0.0-0', hasData: false }
87 silly addNameRange { name: 'express-session',
87 silly addNameRange   range: '>=1.8.2-0 <2.0.0-0',
87 silly addNameRange   hasData: false }
88 silly addNameRange { name: 'cookie-parser',
88 silly addNameRange   range: '>=1.3.3-0 <2.0.0-0',
88 silly addNameRange   hasData: false }
89 verbose url raw jade
90 verbose url resolving [ 'https://registry.npmjs.org/', './jade' ]
91 verbose url resolved https://registry.npmjs.org/jade
92 info trying registry request attempt 1 at 11:07:31
93 http GET https://registry.npmjs.org/jade
94 verbose url raw passport
95 verbose url resolving [ 'https://registry.npmjs.org/', './passport' ]
96 verbose url resolved https://registry.npmjs.org/passport
97 info trying registry request attempt 1 at 11:07:31
98 http GET https://registry.npmjs.org/passport
99 verbose url raw express-session
100 verbose url resolving [ 'https://registry.npmjs.org/', './express-session' ]
101 verbose url resolved https://registry.npmjs.org/express-session
102 info trying registry request attempt 1 at 11:07:31
103 http GET https://registry.npmjs.org/express-session
104 verbose url raw cookie-parser
105 verbose url resolving [ 'https://registry.npmjs.org/', './cookie-parser' ]
106 verbose url resolved https://registry.npmjs.org/cookie-parser
107 info trying registry request attempt 1 at 11:07:31
108 http GET https://registry.npmjs.org/cookie-parser
109 silly addNameRange { name: 'body-parser',
109 silly addNameRange   range: '>=1.9.0-0 <2.0.0-0',
109 silly addNameRange   hasData: false }
110 verbose url raw body-parser
111 verbose url resolving [ 'https://registry.npmjs.org/', './body-parser' ]
112 verbose url resolved https://registry.npmjs.org/body-parser
113 info trying registry request attempt 1 at 11:07:31
114 http GET https://registry.npmjs.org/body-parser
115 verbose url raw mongoose
116 verbose url resolving [ 'https://registry.npmjs.org/', './mongoose' ]
117 verbose url resolved https://registry.npmjs.org/mongoose
118 info trying registry request attempt 1 at 11:07:31
119 verbose etag "962PEFZ8DSIKMYMT8MP8L8RGP"
120 http GET https://registry.npmjs.org/mongoose
121 verbose url raw connect-busboy
122 verbose url resolving [ 'https://registry.npmjs.org/', './connect-busboy' ]
123 verbose url resolved https://registry.npmjs.org/connect-busboy
124 info trying registry request attempt 1 at 11:07:31
125 http GET https://registry.npmjs.org/connect-busboy
126 verbose url raw express
127 verbose url resolving [ 'https://registry.npmjs.org/', './express' ]
128 verbose url resolved https://registry.npmjs.org/express
129 info trying registry request attempt 1 at 11:07:31
130 verbose etag "2OON596QC4OHXI1VLNWUC43ZH"
131 http GET https://registry.npmjs.org/express
132 info retry will retry, error on last attempt: Error: getaddrinfo ENOTFOUND
133 info retry will retry, error on last attempt: Error: getaddrinfo ENOTFOUND
134 info retry will retry, error on last attempt: Error: getaddrinfo ENOTFOUND
135 info retry will retry, error on last attempt: Error: getaddrinfo ENOTFOUND
136 info retry will retry, error on last attempt: Error: getaddrinfo ENOTFOUND
137 info trying registry request attempt 2 at 11:07:53
138 http GET https://registry.npmjs.org/jade
139 info trying registry request attempt 2 at 11:07:53
140 http GET https://registry.npmjs.org/passport
141 info trying registry request attempt 2 at 11:07:53
142 http GET https://registry.npmjs.org/express-session
143 info trying registry request attempt 2 at 11:07:53
144 http GET https://registry.npmjs.org/cookie-parser
145 info trying registry request attempt 2 at 11:07:53
146 http GET https://registry.npmjs.org/body-parser
147 info retry will retry, error on last attempt: Error: getaddrinfo ENOTFOUND
148 info retry will retry, error on last attempt: Error: getaddrinfo ENOTFOUND
149 info retry will retry, error on last attempt: Error: getaddrinfo ENOTFOUND
150 info retry will retry, error on last attempt: Error: getaddrinfo ENOTFOUND
151 info retry will retry, error on last attempt: Error: getaddrinfo ENOTFOUND
152 info trying registry request attempt 2 at 11:08:04
153 verbose etag "962PEFZ8DSIKMYMT8MP8L8RGP"
154 http GET https://registry.npmjs.org/mongoose
155 info trying registry request attempt 2 at 11:08:04
156 http GET https://registry.npmjs.org/connect-busboy
157 info trying registry request attempt 2 at 11:08:04
158 verbose etag "2OON596QC4OHXI1VLNWUC43ZH"
159 http GET https://registry.npmjs.org/express
160 info retry will retry, error on last attempt: Error: getaddrinfo ENOTFOUND
161 info retry will retry, error on last attempt: Error: getaddrinfo ENOTFOUND
162 info retry will retry, error on last attempt: Error: getaddrinfo ENOTFOUND
163 info retry will retry, error on last attempt: Error: getaddrinfo ENOTFOUND
164 info retry will retry, error on last attempt: Error: getaddrinfo ENOTFOUND
165 info retry will retry, error on last attempt: Error: getaddrinfo ENOTFOUND
166 info trying registry request attempt 3 at 11:08:54
167 http GET https://registry.npmjs.org/jade
168 info trying registry request attempt 3 at 11:08:54
169 http GET https://registry.npmjs.org/passport
170 silly lockFile 7e55d14c-passport-0-2-1 passport@^0.2.1
171 silly lockFile 7e55d14c-passport-0-2-1 passport@^0.2.1
172 silly lockFile b3c23ec8-jade-1-7-0 jade@^1.7.0
173 silly lockFile b3c23ec8-jade-1-7-0 jade@^1.7.0
174 error network getaddrinfo ENOTFOUND
174 error network This is most likely not a problem with npm itself
174 error network and is related to network connectivity.
174 error network In most cases you are behind a proxy or have bad network settings.
174 error network
174 error network If you are behind a proxy, please make sure that the
174 error network 'proxy' config is set properly.  See: 'npm help config'
175 error System Windows_NT 6.2.9200
176 error command "C:\\Program Files\\nodejs\\\\node.exe" "C:\\Program Files\\nodejs\\node_modules\\npm\\bin\\npm-cli.js" "install"
177 error cwd C:\Users\yavor\Google Drive\TelerikAcademy\End to end JS Apps\8. Exam prep\File-Upload-System-Skeleton
178 error node -v v0.10.28
179 error npm -v 1.4.9
180 error syscall getaddrinfo
181 error code ENOTFOUND
182 error errno ENOTFOUND
183 verbose exit [ 1, true ]
